<?xml version="1.0" encoding="UTF-8"?>
<!-- Generated by org.testng.reporters.JUnitReportReporter -->
<testsuite hostname="LAPTOP-ILEVVRC8" failures="0" tests="1" name="DDT.CMD_readDataRuntime" time="2.307" errors="0" timestamp="2025-06-26T18:02:43 IST" skipped="0">
  <testcase classname="DDT.CMD_readDataRuntime" name="seleniumTest" time="2.307"/>
</testsuite> <!-- DDT.CMD_readDataRuntime -->
