<?xml version="1.0" encoding="UTF-8"?>
<!-- Generated by org.testng.reporters.JUnitReportReporter -->
<testsuite hostname="LAPTOP-ILEVVRC8" failures="0" tests="1" name="DDT.testing" time="0.010" errors="0" timestamp="2025-06-26T15:42:39 IST" skipped="0">
  <testcase classname="DDT.testing" name="runtime" time="0.010"/>
</testsuite> <!-- DDT.testing -->
