<?xml version="1.0" encoding="UTF-8"?>
<!-- Generated by org.testng.reporters.JUnitReportReporter -->
<testsuite hostname="LAPTOP-ILEVVRC8" failures="0" tests="1" name="DDT.cmdMultipleMethods" time="0.004" errors="0" timestamp="2025-06-28T13:05:08 IST" skipped="0">
  <testcase classname="DDT.cmdMultipleMethods" name="hi" time="0.004"/>
</testsuite> <!-- DDT.cmdMultipleMethods -->
