<?xml version="1.0" encoding="UTF-8"?>
<!-- Generated by org.testng.reporters.JUnitReportReporter -->
<testsuite hostname="LAPTOP-ILEVVRC8" failures="0" tests="3" name="TestNG.Priority" time="0.009" errors="0" timestamp="2025-07-08T15:22:29 IST" skipped="0">
  <testcase classname="TestNG.Priority" name="createContactTest" time="0.008"/>
  <testcase classname="TestNG.Priority" name="modifyContactTest" time="0.000"/>
  <testcase classname="TestNG.Priority" name="deleteContactTest" time="0.001"/>
</testsuite> <!-- TestNG.Priority -->
