<?xml version="1.0" encoding="UTF-8"?>
<!-- Generated by org.testng.reporters.JUnitReportReporter -->
<testsuite hostname="LAPTOP-ILEVVRC8" failures="0" tests="1" name="TestNG.RetryActivateSim" time="0.017" errors="0" timestamp="2025-07-11T18:19:28 IST" skipped="0">
  <testcase classname="TestNG.RetryActivateSim" name="createInvoiceTest" time="0.017"/>
</testsuite> <!-- TestNG.RetryActivateSim -->
