<?xml version="1.0" encoding="UTF-8"?>
<!-- Generated by org.testng.reporters.JUnitReportReporter -->
<testsuite hostname="LAPTOP-ILEVVRC8" failures="0" tests="3" name="CrmContactTest.CrmCreateContact" time="113.866" errors="0" timestamp="2025-07-11T16:23:27 IST" skipped="0">
  <testcase classname="CrmContactTest.CrmCreateContact" name="createContactWithOrg" time="56.941"/>
  <testcase classname="CrmContactTest.CrmCreateContact" name="createContactWithSupportDate" time="28.501"/>
  <testcase classname="CrmContactTest.CrmCreateContact" name="crmCreateContact" time="28.424"/>
</testsuite> <!-- CrmContactTest.CrmCreateContact -->
