<?xml version="1.0" encoding="UTF-8"?>
<!-- Generated by org.testng.reporters.JUnitReportReporter -->
<testsuite hostname="LAPTOP-ILEVVRC8" failures="0" tests="1" name="scenario.BBcMedals" time="5.816" errors="0" timestamp="2025-08-07T16:11:45 IST" skipped="0">
  <testcase classname="scenario.BBcMedals" name="bbcMedals" time="5.816"/>
</testsuite> <!-- scenario.BBcMedals -->
