<?xml version="1.0" encoding="UTF-8"?>
<!-- Generated by org.testng.reporters.JUnitReportReporter -->
<testsuite hostname="LAPTOP-ILEVVRC8" failures="0" tests="1" name="CrmOrgTest.CreateOrg" time="98.589" errors="0" timestamp="2025-07-23T13:25:53 IST" skipped="0">
  <testcase classname="CrmOrgTest.CreateOrg" name="CreateOrgWithIndustry" time="98.589"/>
</testsuite> <!-- CrmOrgTest.CreateOrg -->
