<?xml version="1.0" encoding="UTF-8"?>
<!-- Generated by org.testng.reporters.JUnitReportReporter -->
<testsuite hostname="LAPTOP-ILEVVRC8" failures="0" tests="3" name="DDT.cmdMultipleMethods" time="0.011" errors="0" timestamp="2025-06-28T12:46:42 IST" skipped="0">
  <testcase classname="DDT.cmdMultipleMethods" name="hello" time="0.003"/>
  <testcase classname="DDT.cmdMultipleMethods" name="hi" time="0.001"/>
  <testcase classname="DDT.cmdMultipleMethods" name="bye" time="0.007"/>
</testsuite> <!-- DDT.cmdMultipleMethods -->
