<?xml version="1.0" encoding="UTF-8"?>
<!-- Generated by org.testng.reporters.JUnitReportReporter -->
<testsuite hostname="LAPTOP-ILEVVRC8" failures="0" tests="1" name="DDT.Xml" time="8.021" errors="0" timestamp="2025-07-22T15:45:12 IST" skipped="0">
  <testcase classname="DDT.Xml" name="sampleTest" time="8.021"/>
</testsuite> <!-- DDT.Xml -->
