<?xml version="1.0" encoding="UTF-8"?>
<!-- Generated by org.testng.reporters.JUnitReportReporter -->
<testsuite hostname="LAPTOP-ILEVVRC8" failures="0" tests="1" name="Assignment.SalesInVoice" time="14.953" errors="0" timestamp="2025-07-09T15:11:13 IST" skipped="0">
  <testcase classname="Assignment.SalesInVoice" name="SalesInvoice" time="14.953"/>
</testsuite> <!-- Assignment.SalesInVoice -->
