<?xml version="1.0" encoding="UTF-8"?>
<!-- Generated by org.testng.reporters.JUnitReportReporter -->
<testsuite hostname="LAPTOP-ILEVVRC8" failures="0" tests="1" name="DDT.jsonScenario" time="2.185" errors="0" timestamp="2025-06-30T16:49:41 IST" skipped="0">
  <testcase classname="DDT.jsonScenario" name="seleniumTest" time="2.185"/>
</testsuite> <!-- DDT.jsonScenario -->
