<?xml version="1.0" encoding="UTF-8"?>
<!-- Generated by org.testng.reporters.JUnitReportReporter -->
<testsuite hostname="LAPTOP-ILEVVRC8" failures="0" tests="1" name="DDT.sample" time="0.263" errors="0" timestamp="2025-06-28T12:14:47 IST" skipped="0">
  <testcase classname="DDT.sample" name="projectCheck" time="0.263"/>
</testsuite> <!-- DDT.sample -->
