<?xml version="1.0" encoding="UTF-8"?>
<!-- Generated by org.testng.reporters.JUnitReportReporter -->
<testsuite hostname="LAPTOP-ILEVVRC8" failures="0" tests="3" name="TestNG.DataProvider" time="0.006" errors="0" timestamp="2025-07-08T15:51:32 IST" skipped="0">
  <testcase classname="TestNG.DataProvider" name="createConatctTest" time="0.000"/>
  <testcase classname="TestNG.DataProvider" name="createConatctTest" time="0.005"/>
  <testcase classname="TestNG.DataProvider" name="createConatctTest" time="0.001"/>
</testsuite> <!-- TestNG.DataProvider -->
