<?xml version="1.0" encoding="UTF-8"?>
<!-- Generated by org.testng.reporters.JUnitReportReporter -->
<testsuite hostname="LAPTOP-ILEVVRC8" failures="0" tests="3" name="TestNG.DataProviderScenario" time="99.352" errors="0" timestamp="2025-07-08T16:26:46 IST" skipped="0">
  <testcase classname="TestNG.DataProviderScenario" name="getProductInfoTest" time="32.006"/>
  <testcase classname="TestNG.DataProviderScenario" name="getProductInfoTest" time="33.361"/>
  <testcase classname="TestNG.DataProviderScenario" name="getProductInfoTest" time="33.985"/>
</testsuite> <!-- TestNG.DataProviderScenario -->
