<?xml version="1.0" encoding="UTF-8"?>
<!-- Generated by org.testng.reporters.JUnitReportReporter -->
<testsuite hostname="LAPTOP-ILEVVRC8" failures="0" tests="2" name="TestNG.DependsOn" time="0.013" errors="0" timestamp="2025-07-16T16:22:25 IST" skipped="0">
  <testcase classname="TestNG.DependsOn" name="createOrderTest" time="0.012"/>
  <testcase classname="TestNG.DependsOn" name="billingAnOrderTest" time="0.001"/>
</testsuite> <!-- TestNG.DependsOn -->
