<?xml version="1.0" encoding="UTF-8"?>
<!-- Generated by org.testng.reporters.JUnitXMLReporter -->
<testsuite ignored="0" hostname="LAPTOP-ILEVVRC8" failures="0" tests="3" name="Test-2" time="0.127" errors="0" timestamp="2025-07-10T16:00:59 IST">
  <testcase classname="CrmContactTest.CrmCreateContact" name="createContactWithOrg" time="0.0">
    <skipped/>
  </testcase> <!-- createContactWithOrg -->
  <testcase classname="CrmContactTest.CrmCreateContact" name="createContactWithSupportDate" time="0.001">
    <skipped/>
  </testcase> <!-- createContactWithSupportDate -->
  <testcase classname="CrmContactTest.CrmCreateContact" name="crmCreateContact" time="0.0">
    <skipped/>
  </testcase> <!-- crmCreateContact -->
</testsuite> <!-- Test-2 -->
